<?xml version="1.0" encoding="utf-8"?><testsuites name="pytest tests"><testsuite name="pytest" errors="0" failures="0" skipped="0" tests="27" time="2.297" timestamp="2026-07-27T22:14:05.796429+00:00" hostname="agent-env-72158110-c0d3-45ab-9699-8fc140901914"><testcase classname="tests.test_marketplace" name="test_health" time="0.368" /><testcase classname="tests.test_marketplace" name="test_dashboard" time="0.059" /><testcase classname="tests.test_marketplace" name="test_list_jobs" time="0.054" /><testcase classname="tests.test_marketplace" name="test_job_detail" time="0.067" /><testcase classname="tests.test_marketplace" name="test_job_detail_404" time="0.053" /><testcase classname="tests.test_marketplace" name="test_craftspeople" time="0.049" /><testcase classname="tests.test_marketplace" name="test_affiliate_products" time="0.052" /><testcase classname="tests.test_marketplace" name="test_payment_options" time="0.048" /><testcase classname="tests.test_marketplace" name="test_email_templates" time="0.051" /><testcase classname="tests.test_marketplace" name="test_create_job_and_persist" time="0.107" /><testcase classname="tests.test_marketplace" name="test_create_job_validation" time="0.053" /><testcase classname="tests.test_marketplace" name="test_post_offer" time="0.053" /><testcase classname="tests.test_marketplace" name="test_post_offer_missing_job" time="0.051" /><testcase classname="tests.test_marketplace" name="test_assignment_vipps" time="0.070" /><testcase classname="tests.test_marketplace" name="test_assignment_stripe" time="0.049" /><testcase classname="tests.test_marketplace" name="test_assignment_invalid_payment" time="0.050" /><testcase classname="tests.test_marketplace" name="test_assignment_unknown_craft" time="0.051" /><testcase classname="tests.test_marketplace" name="test_create_rating" time="0.048" /><testcase classname="tests.test_marketplace" name="test_market_coverage" time="0.045" /><testcase classname="tests.test_marketplace" name="test_onboard_returns_no_rating" time="0.056" /><testcase classname="tests.test_marketplace" name="test_onboard_validation" time="0.048" /><testcase classname="tests.test_marketplace" name="test_new_craftsperson_in_list" time="0.058" /><testcase classname="tests.test_marketplace" name="test_reliability_cancelled_reduces_score" time="0.054" /><testcase classname="tests.test_marketplace" name="test_reliability_independent_of_rating" time="0.046" /><testcase classname="tests.test_marketplace" name="test_reliability_unknown_craft_404" time="0.049" /><testcase classname="tests.test_marketplace" name="test_reliability_invalid_outcome" time="0.051" /><testcase classname="tests.test_marketplace" name="test_cleanup" time="0.000" /></testsuite></testsuites>