<?xml version="1.0" encoding="utf-8"?><testsuites name="pytest tests"><testsuite name="pytest" errors="0" failures="0" skipped="0" tests="39" time="7.933" timestamp="2026-07-28T15:34:55.444350+00:00" hostname="agent-env-72158110-c0d3-45ab-9699-8fc140901914"><testcase classname="tests.test_marketplace" name="test_health" time="0.797" /><testcase classname="tests.test_marketplace" name="test_dashboard" time="0.169" /><testcase classname="tests.test_marketplace" name="test_list_jobs" time="0.182" /><testcase classname="tests.test_marketplace" name="test_job_detail" time="0.187" /><testcase classname="tests.test_marketplace" name="test_job_detail_404" time="0.223" /><testcase classname="tests.test_marketplace" name="test_craftspeople" time="0.209" /><testcase classname="tests.test_marketplace" name="test_affiliate_products" time="0.227" /><testcase classname="tests.test_marketplace" name="test_payment_options" time="0.210" /><testcase classname="tests.test_marketplace" name="test_email_templates" time="0.147" /><testcase classname="tests.test_marketplace" name="test_create_job_and_persist" time="0.317" /><testcase classname="tests.test_marketplace" name="test_create_job_validation" time="0.176" /><testcase classname="tests.test_marketplace" name="test_post_offer" time="0.201" /><testcase classname="tests.test_marketplace" name="test_post_offer_missing_job" time="0.236" /><testcase classname="tests.test_marketplace" name="test_assignment_vipps" time="0.219" /><testcase classname="tests.test_marketplace" name="test_assignment_stripe" time="0.215" /><testcase classname="tests.test_marketplace" name="test_assignment_invalid_payment" time="0.181" /><testcase classname="tests.test_marketplace" name="test_assignment_unknown_craft" time="0.193" /><testcase classname="tests.test_marketplace" name="test_create_rating" time="0.198" /><testcase classname="tests.test_marketplace" name="test_market_coverage" time="0.188" /><testcase classname="tests.test_marketplace" name="test_onboard_returns_no_rating" time="0.196" /><testcase classname="tests.test_marketplace" name="test_onboard_validation" time="0.199" /><testcase classname="tests.test_marketplace" name="test_new_craftsperson_in_list" time="0.167" /><testcase classname="tests.test_marketplace" name="test_reliability_cancelled_reduces_score" time="0.178" /><testcase classname="tests.test_marketplace" name="test_reliability_independent_of_rating" time="0.157" /><testcase classname="tests.test_marketplace" name="test_reliability_unknown_craft_404" time="0.181" /><testcase classname="tests.test_marketplace" name="test_reliability_invalid_outcome" time="0.286" /><testcase classname="tests.test_marketplace" name="test_launch_campaign" time="0.104" /><testcase classname="tests.test_marketplace" name="test_no_send_or_import_endpoints" time="0.317" /><testcase classname="tests.test_marketplace" name="test_contact_request_standard" time="0.075" /><testcase classname="tests.test_marketplace" name="test_contact_request_preferred_vipps" time="0.082" /><testcase classname="tests.test_marketplace" name="test_contact_request_preferred_stripe" time="0.073" /><testcase classname="tests.test_marketplace" name="test_contact_request_preferred_missing_payment" time="0.073" /><testcase classname="tests.test_marketplace" name="test_contact_request_unknown_job" time="0.075" /><testcase classname="tests.test_marketplace" name="test_contact_request_unknown_craft" time="0.082" /><testcase classname="tests.test_marketplace" name="test_contact_request_response_accept" time="0.156" /><testcase classname="tests.test_marketplace" name="test_contact_request_response_decline" time="0.161" /><testcase classname="tests.test_marketplace" name="test_contact_request_response_standard_rejected" time="0.146" /><testcase classname="tests.test_marketplace" name="test_contact_request_response_unknown" time="0.074" /><testcase classname="tests.test_marketplace" name="test_cleanup" time="0.000" /></testsuite></testsuites>